\BOOKMARK [0][-]{chapter.1}{\376\377\000P\000r\000o\000f\000i\000l\000\040\000P\000e\000r\000u\000s\000a\000h\000a\000a\000n\000\040\000d\000a\000n\000\040\000K\000e\000g\000i\000a\000t\000a\000n\000\040\000M\000B\000K\000M}{}% 1
\BOOKMARK [1][-]{section.1.1}{\376\377\000P\000r\000o\000f\000i\000l\000\040\000P\000e\000r\000u\000s\000a\000h\000a\000a\000n}{chapter.1}% 2
\BOOKMARK [1][-]{section.1.2}{\376\377\000P\000e\000n\000j\000e\000l\000a\000s\000a\000n\000\040\000P\000r\000o\000g\000r\000a\000m\000\040\000M\000a\000g\000a\000n\000g}{chapter.1}% 3
\BOOKMARK [1][-]{section.1.3}{\376\377\000K\000e\000g\000i\000a\000t\000a\000n\000\040\000T\000e\000k\000n\000i\000s}{chapter.1}% 4
\BOOKMARK [1][-]{section.1.4}{\376\377\000K\000e\000g\000i\000a\000t\000a\000n\000\040\000N\000o\000n\000-\000T\000e\000k\000n\000i\000s}{chapter.1}% 5
\BOOKMARK [0][-]{chapter.2}{\376\377\000D\000a\000f\000t\000a\000r\000\040\000M\000a\000t\000a\000\040\000K\000u\000l\000i\000a\000h\000,\000\040\000K\000R\000S\000,\000\040\000d\000a\000n\000\040\000P\000e\000n\000i\000l\000a\000i\000a\000n}{}% 6
\BOOKMARK [1][-]{section.2.1}{\376\377\000D\000a\000f\000t\000a\000r\000\040\000M\000a\000t\000a\000\040\000K\000u\000l\000i\000a\000h}{chapter.2}% 7
\BOOKMARK [2][-]{subsection.2.1.1}{\376\377\000K\000a\000r\000t\000u\000\040\000R\000e\000n\000c\000a\000n\000a\000\040\000S\000t\000u\000d\000i}{section.2.1}% 8
\BOOKMARK [1][-]{section.2.2}{\376\377\000F\000o\000r\000m\000u\000l\000i\000r\000\040\000P\000e\000n\000i\000l\000a\000i\000a\000n\000\040\000K\000i\000n\000e\000r\000j\000a\000\040\000M\000a\000h\000a\000s\000i\000s\000w\000a\000\040\000M\000a\000g\000a\000n\000g}{chapter.2}% 9
\BOOKMARK [1][-]{section.2.3}{\376\377\000F\000o\000r\000m\000u\000l\000i\000r\000\040\000P\000e\000n\000i\000l\000a\000i\000a\000n\000\040\000K\000i\000n\000e\000r\000j\000a\000\040\000M\000a\000h\000a\000s\000i\000s\000w\000a\000\040\000M\000a\000g\000a\000n\000g\000\040\000M\000B\000K\000M}{chapter.2}% 10
\BOOKMARK [0][-]{chapter.3}{\376\377\000H\000a\000s\000i\000l\000\040\000d\000a\000n\000\040\000P\000e\000m\000b\000a\000h\000a\000s\000a\000n}{}% 11
\BOOKMARK [1][-]{section.3.1}{\376\377\000P\000e\000l\000a\000k\000s\000a\000n\000a\000a\000n\000\040\000K\000e\000g\000i\000a\000t\000a\000n}{chapter.3}% 12
\BOOKMARK [1][-]{section.3.2}{\376\377\000P\000e\000n\000g\000u\000j\000i\000a\000n\000\040\000S\000i\000s\000t\000e\000m}{chapter.3}% 13
\BOOKMARK [2][-]{subsection.3.2.1}{\376\377\000I\000m\000p\000l\000e\000m\000e\000n\000t\000a\000s\000i\000\040\000K\000o\000d\000e}{section.3.2}% 14
\BOOKMARK [0][-]{chapter.4}{\376\377\000P\000e\000n\000u\000t\000u\000p}{}% 15
\BOOKMARK [1][-]{section.4.1}{\376\377\000K\000e\000s\000i\000m\000p\000u\000l\000a\000n}{chapter.4}% 16
\BOOKMARK [1][-]{section.4.2}{\376\377\000S\000a\000r\000a\000n}{chapter.4}% 17
\BOOKMARK [0][-]{section.4.2}{\376\377\000D\000a\000f\000t\000a\000r\000\040\000P\000u\000s\000t\000a\000k\000a}{}% 18
\BOOKMARK [0][-]{appendix.A}{\376\377\000T\000a\000u\000t\000a\000n\000\040\000R\000e\000p\000o\000s\000i\000t\000o\000r\000i\000\040\000d\000a\000n\000\040\000D\000o\000k\000u\000m\000e\000n\000t\000a\000s\000i\000\040\000A\000n\000t\000a\000r\000m\000u\000k\000a}{}% 19
\BOOKMARK [0][-]{appendix.B}{\376\377\000D\000o\000k\000u\000m\000e\000n\000t\000a\000s\000i\000\040\000K\000e\000g\000i\000a\000t\000a\000n\000\040\000L\000a\000p\000a\000n\000g\000a\000n}{}% 20
\BOOKMARK [0][-]{appendix.C}{\376\377\000L\000a\000m\000p\000i\000r\000a\000n\000\040\000L\000O\000A}{}% 21
